<?xml version="1.0" encoding="UTF-8"?>
<testng-results ignored="0" total="1" passed="0" failed="1" skipped="0">
  <reporter-output>
  </reporter-output>
  <suite started-at="2023-03-06T16:17:10 IST" name="Default suite" finished-at="2023-03-06T16:19:39 IST" duration-ms="148729">
    <groups>
    </groups>
    <test started-at="2023-03-06T16:17:10 IST" name="Default test" finished-at="2023-03-06T16:19:39 IST" duration-ms="148729">
      <class name="DemoBlaze_Test.HYR_Test">
        <test-method is-config="true" signature="beforeSuiteStart()[pri:0, instance:DemoBlaze_Test.HYR_Test@10e31a9a]" started-at="2023-03-06T16:17:10 IST" name="beforeSuiteStart" finished-at="2023-03-06T16:17:10 IST" duration-ms="407" status="PASS">
          <reporter-output>
          </reporter-output>
        </test-method> <!-- beforeSuiteStart -->
        <test-method is-config="true" signature="beforeTest(java.lang.reflect.Method)[pri:0, instance:DemoBlaze_Test.HYR_Test@10e31a9a]" started-at="2023-03-06T16:17:10 IST" name="beforeTest" finished-at="2023-03-06T16:18:13 IST" duration-ms="62829" status="PASS">
          <params>
            <param index="0">
              <value>
                <![CDATA[public void DemoBlaze_Test.HYR_Test.WindowsHandelProcess() throws java.lang.Exception]]>
              </value>
            </param>
          </params>
          <reporter-output>
          </reporter-output>
        </test-method> <!-- beforeTest -->
        <test-method signature="WindowsHandelProcess()[pri:1, instance:DemoBlaze_Test.HYR_Test@10e31a9a]" started-at="2023-03-06T16:18:13 IST" name="WindowsHandelProcess" description="This Test use to do Windows Handel process" finished-at="2023-03-06T16:19:39 IST" duration-ms="85756" status="FAIL">
          <exception class="org.openqa.selenium.TimeoutException">
            <message>
              <![CDATA[Expected condition failed: waiting for visibility of all [] (tried for 15 second(s) with 500 milliseconds interval)
Build info: version: '4.7.2', revision: '4d4020c3b7'
System info: os.name: 'Windows 11', os.arch: 'amd64', os.version: '10.0', java.version: '18.0.2.1'
Driver info: org.openqa.selenium.chrome.ChromeDriver
Capabilities {acceptInsecureCerts: false, browserName: chrome, browserVersion: 110.0.5481.178, chrome: {chromedriverVersion: 110.0.5481.77 (65ed616c6e8e..., userDataDir: C:\Users\Amit\AppData\Local...}, goog:chromeOptions: {debuggerAddress: localhost:54580}, networkConnectionEnabled: false, pageLoadStrategy: normal, platformName: WINDOWS, proxy: Proxy(), se:cdp: ws://localhost:54580/devtoo..., se:cdpVersion: 110.0.5481.178, setWindowRect: true, strictFileInteractability: false, timeouts: {implicit: 0, pageLoad: 300000, script: 30000}, unhandledPromptBehavior: dismiss and notify, webauthn:extension:credBlob: true, webauthn:extension:largeBlob: true, webauthn:virtualAuthenticators: true}
Session ID: 56099260246593d642a6aed12f2d867b]]>
            </message>
            <full-stacktrace>
              <![CDATA[org.openqa.selenium.TimeoutException: Expected condition failed: waiting for visibility of all [] (tried for 15 second(s) with 500 milliseconds interval)
Build info: version: '4.7.2', revision: '4d4020c3b7'
System info: os.name: 'Windows 11', os.arch: 'amd64', os.version: '10.0', java.version: '18.0.2.1'
Driver info: org.openqa.selenium.chrome.ChromeDriver
Capabilities {acceptInsecureCerts: false, browserName: chrome, browserVersion: 110.0.5481.178, chrome: {chromedriverVersion: 110.0.5481.77 (65ed616c6e8e..., userDataDir: C:\Users\Amit\AppData\Local...}, goog:chromeOptions: {debuggerAddress: localhost:54580}, networkConnectionEnabled: false, pageLoadStrategy: normal, platformName: WINDOWS, proxy: Proxy(), se:cdp: ws://localhost:54580/devtoo..., se:cdpVersion: 110.0.5481.178, setWindowRect: true, strictFileInteractability: false, timeouts: {implicit: 0, pageLoad: 300000, script: 30000}, unhandledPromptBehavior: dismiss and notify, webauthn:extension:credBlob: true, webauthn:extension:largeBlob: true, webauthn:virtualAuthenticators: true}
Session ID: 56099260246593d642a6aed12f2d867b
at org.openqa.selenium.support.ui.WebDriverWait.timeoutException(WebDriverWait.java:87)
at org.openqa.selenium.support.ui.FluentWait.until(FluentWait.java:231)
at dataSources.ExpliciteWait.waitForAllElementList(ExpliciteWait.java:34)
at HYR_Locator.WindowsHandel_Locator.checkBox(WindowsHandel_Locator.java:85)
at HYR_Action.WindowsHandel_Action.clickOnAllCheckBox(WindowsHandel_Action.java:154)
at HYR_Action.WindowsHandel_Action.WindowsAction(WindowsHandel_Action.java:205)
at DemoBlaze_Test.HYR_Test.WindowsHandelProcess(HYR_Test.java:33)
at java.base/jdk.internal.reflect.DirectMethodHandleAccessor.invoke(DirectMethodHandleAccessor.java:104)
at java.base/java.lang.reflect.Method.invoke(Method.java:577)
at org.testng.internal.MethodInvocationHelper.invokeMethod(MethodInvocationHelper.java:133)
at org.testng.internal.TestInvoker.invokeMethod(TestInvoker.java:598)
at org.testng.internal.TestInvoker.invokeTestMethod(TestInvoker.java:173)
at org.testng.internal.MethodRunner.runInSequence(MethodRunner.java:46)
at org.testng.internal.TestInvoker$MethodInvocationAgent.invoke(TestInvoker.java:824)
at org.testng.internal.TestInvoker.invokeTestMethods(TestInvoker.java:146)
at org.testng.internal.TestMethodWorker.invokeTestMethods(TestMethodWorker.java:146)
at org.testng.internal.TestMethodWorker.run(TestMethodWorker.java:128)
at java.base/java.util.ArrayList.forEach(ArrayList.java:1511)
at org.testng.TestRunner.privateRun(TestRunner.java:794)
at org.testng.TestRunner.run(TestRunner.java:596)
at org.testng.SuiteRunner.runTest(SuiteRunner.java:377)
at org.testng.SuiteRunner.runSequentially(SuiteRunner.java:371)
at org.testng.SuiteRunner.privateRun(SuiteRunner.java:332)
at org.testng.SuiteRunner.run(SuiteRunner.java:276)
at org.testng.SuiteRunnerWorker.runSuite(SuiteRunnerWorker.java:53)
at org.testng.SuiteRunnerWorker.run(SuiteRunnerWorker.java:96)
at org.testng.TestNG.runSuitesSequentially(TestNG.java:1212)
at org.testng.TestNG.runSuitesLocally(TestNG.java:1134)
at org.testng.TestNG.runSuites(TestNG.java:1063)
at org.testng.TestNG.run(TestNG.java:1031)
at org.testng.remote.AbstractRemoteTestNG.run(AbstractRemoteTestNG.java:115)
at org.testng.remote.RemoteTestNG.initAndRun(RemoteTestNG.java:251)
at org.testng.remote.RemoteTestNG.main(RemoteTestNG.java:77)
]]>
            </full-stacktrace>
          </exception> <!-- org.openqa.selenium.TimeoutException -->
          <reporter-output>
          </reporter-output>
        </test-method> <!-- WindowsHandelProcess -->
        <test-method is-config="true" signature="afterEachTest()[pri:0, instance:DemoBlaze_Test.HYR_Test@10e31a9a]" started-at="2023-03-06T16:19:40 IST" name="afterEachTest" finished-at="2023-03-06T16:19:41 IST" duration-ms="1522" status="PASS">
          <reporter-output>
          </reporter-output>
        </test-method> <!-- afterEachTest -->
      </class> <!-- DemoBlaze_Test.HYR_Test -->
    </test> <!-- Default test -->
  </suite> <!-- Default suite -->
</testng-results>
